---------------------------------------------------------
    cuda_dir: 0
    batch_size: 16,  epochs: 200
    change_epoch: 60,  change_epoch2: 130
    training_mode: mine,  model: resnet, optim: Adam
    gamma: 10,  theta: 1,  sigam: 0.5,  num_history: 20
    log_dir: record/Office31/CUDA0/wa_resnet__mine_jigsaw_const_phase
    est_domains_dir: estimated_domains/Office31/mine_jigsaw_const_phase
    spread_message: __mine_jigsaw_const_phase
---------------------------------------------------------
====================================================================================
dsle_webcam
====================================================================================        
    nn.Linear(hidden_dim, 1),
    nn.BatchNorm1d(1),
    nn.ReLU(),
)
-------------------------------------------------------------------------------------
true_domain_labels: 
    Epoch 88
    dslr: 95.19999999999999
    webcam: 96.4824120603015
    Total_Accuracy: 0.9598765432098766

jigsaw_const_phase: 
    Epoch 87
    dslr: 92.80000000000001
    webcam: 94.9748743718593
    Total_Accuracy: 0.941358024691358

-------------------------------------------------------------------------------------

    config.ma_rate = 0.5	config.mine_weight = 0.1	config.ma_expTm = 1
	Epoch 81
	dslr: 88.0
	webcam: 87.43718592964824
	Total_Accuracy: 0.8765432098765432

-------------------------------------------------------------------------------------

    config.ma_rate = 0.5	config.mine_weight = 0.5	config.ma_expTm = 1
	Epoch 76
	dslr: 88.8
	webcam: 85.92964824120602
	Total_Accuracy: 0.8703703703703703

-------------------------------------------------------------------------------------

    config.ma_rate = 0.1	config.mine_weight = 0.5	config.ma_expTm = 1
	Epoch 76
	dslr: 85.6
	webcam: 91.95979899497488
	Total_Accuracy: 0.8950617283950617

-------------------------------------------------------------------------------------

    config.ma_rate = 0.5	config.mine_weight = 0.8	config.ma_expTm = 1
	Epoch 67
	dslr: 84.8
	webcam: 83.41708542713567
	Total_Accuracy: 0.8395061728395061

====================================================================================
config.ma_rate = 0.5    config.mine_weight = 0.1    config.ma_expTm = 1
config.ma_rate = 0.1	config.mine_weight = 0.5	config.ma_expTm = 1
がよさげ？
mine_weightが0.5を超えるとだめっぽい．

偶々だろうけど config.ma_rate = 0.5    config.mine_weight = 0.1    config.ma_expTm = 1 で0.91達成した.

====================================================================================
====================================================================================

====================================================================================
amazon_dslr
====================================================================================
    nn.Linear(hidden_dim, 1),
    nn.BatchNorm1d(1),
    nn.ReLU(),
)
-------------------------------------------------------------------------------------
true_domain_labels: 
    Epoch 89
    amazon: 65.53191489361701
    dslr: 86.4
    Total_Accuracy: 0.6867469879518072

jigsaw_const_phase: 
    Epoch 80
    amazon: 65.95744680851064
    dslr: 84.8
    Total_Accuracy: 0.6879518072289157

-------------------------------------------------------------------------------------
config.ma_rate = 0.5    config.mine_weight = 0.1    config.ma_expTm = 1
    Epoch 158
    amazon: 51.48936170212765
    dslr: 60.8
    Total_Accuracy: 0.5289156626506024


-------------------------------------------------------------------------------------
config.ma_rate = 0.1    config.mine_weight = 0.1    config.ma_expTm = 1
    Epoch 76
    amazon: 54.751773049645394
    dslr: 58.4
    Total_Accuracy: 0.553012048192771


-------------------------------------------------------------------------------------
config.ma_rate = 0.1    config.mine_weight = 0.5    config.ma_expTm = 1
    Epoch 80
    amazon: 56.45390070921986
    dslr: 66.4
    Total_Accuracy: 0.5795180722891566


-------------------------------------------------------------------------------------
config.ma_rate = 0.5    config.mine_weight = 0.5    config.ma_expTm = 1
    Epoch 84
    amazon: 55.319148936170215
    dslr: 75.2
    Total_Accuracy: 0.5831325301204819


====================================================================================
====================================================================================

====================================================================================
webcam_amazon
====================================================================================
    nn.Linear(hidden_dim, 1),
    nn.BatchNorm1d(1),
    nn.ReLU(),
)
-------------------------------------------------------------------------------------
true_domain_labels: 
    Epoch 124
    webcam: 85.42713567839196
    amazon: 79.14893617021276
    Total_Accuracy: 0.8053097345132744
jigsaw_const_phase: 
    Epoch 98
    webcam: 83.41708542713567
    amazon: 79.00709219858156
    Total_Accuracy: 0.7997787610619469

-------------------------------------------------------------------------------------
config.ma_rate = 0.5    config.mine_weight = 0.1    config.ma_expTm = 1

Epoch 114
webcam: 57.78894472361809
amazon: 63.40425531914894
Total_Accuracy: 0.6216814159292036

-------------------------------------------------------------------------------------
config.ma_rate = 0.1    config.mine_weight = 0.1    config.ma_expTm = 1

Epoch 69
webcam: 58.291457286432156
amazon: 61.98581560283688
Total_Accuracy: 0.6117256637168141

-------------------------------------------------------------------------------------
config.ma_rate = 0.1    config.mine_weight = 0.5    config.ma_expTm = 1

Epoch 99
webcam: 62.311557788944725
amazon: 59.716312056737586
Total_Accuracy: 0.6028761061946902

-------------------------------------------------------------------------------------
config.ma_rate = 0.5    config.mine_weight = 0.5    config.ma_expTm = 1

Epoch 104
webcam: 62.311557788944725
amazon: 59.85815602836879
Total_Accuracy: 0.6039823008849557

====================================================================================
====================================================================================
